<?xml version="1.0" encoding="UTF-8"?>
<testsuite name="ru.stqa.pft.sandbox.PointTests" tests="2" skipped="0" failures="0" errors="0" timestamp="2021-04-05T17:00:54" hostname="Altynais-MBP-2.lan" time="0.014">
  <properties/>
  <testcase name="testDistance" classname="ru.stqa.pft.sandbox.PointTests" time="0.006"/>
  <testcase name="testDistanceNew" classname="ru.stqa.pft.sandbox.PointTests" time="0.001"/>
  <system-out><![CDATA[]]></system-out>
  <system-err><![CDATA[]]></system-err>
</testsuite>
