<?xml version="1.0" encoding="UTF-8"?>
<testsuite name="ru.stqa.pft.addressbook.tests.GroupModificationTests" tests="1" skipped="0" failures="0" errors="0" timestamp="2021-04-06T04:44:28" hostname="Altynais-MBP-2.lan" time="1.827">
  <properties/>
  <testcase name="testGroupModification" classname="ru.stqa.pft.addressbook.tests.GroupModificationTests" time="1.827"/>
  <system-out><![CDATA[10:44:28.271 [Test worker] INFO  r.s.pft.addressbook.tests.TestBase - Start test testGroupModification[]
Hibernate: select groupdata0_.group_id as group_id1_2_, groupdata0_.group_footer as group_fo2_2_, groupdata0_.group_header as group_he3_2_, groupdata0_.group_name as group_na4_2_ from group_list groupdata0_
Hibernate: select groupdata0_.group_id as group_id1_2_, groupdata0_.group_footer as group_fo2_2_, groupdata0_.group_header as group_he3_2_, groupdata0_.group_name as group_na4_2_ from group_list groupdata0_
Hibernate: select groupdata0_.group_id as group_id1_2_, groupdata0_.group_footer as group_fo2_2_, groupdata0_.group_header as group_he3_2_, groupdata0_.group_name as group_na4_2_ from group_list groupdata0_
10:44:30.640 [Test worker] INFO  r.s.pft.addressbook.tests.TestBase - Stop test testGroupModification
]]></system-out>
  <system-err><![CDATA[]]></system-err>
</testsuite>
